<?xml version="1.0" encoding="UTF-8"?>
<!-- Generated by org.testng.reporters.JUnitXMLReporter -->
<testsuite ignored="0" hostname="DESKTOP-B6PQI5G" failures="0" tests="5" name="Default test" time="193.214" errors="0" timestamp="2023-10-16T21:41:35 IST">
  <testcase classname="TestCases.SingUpTest" name="signUpWithUserData" time="22.838"/>
  <testcase classname="TestCases.SingUpTest" name="signupWithoutEmail" time="19.114"/>
  <testcase classname="TestCases.SingUpTest" name="signupWithoutFirstname" time="18.051"/>
  <testcase classname="TestCases.SingUpTest" name="signupWithoutLastname" time="19.284"/>
  <testcase classname="TestCases.SingUpTest" name="signupWithoutPassword" time="20.324"/>
</testsuite> <!-- Default test -->
