<?xml version="1.0" encoding="UTF-8"?>
<testng-results ignored="0" total="6" passed="6" failed="0" skipped="0">
  <reporter-output>
  </reporter-output>
  <suite started-at="2023-10-17T15:33:30 IST" name="API Test Suite" finished-at="2023-10-17T15:36:37 IST" duration-ms="187353">
    <groups>
    </groups>
    <test started-at="2023-10-17T15:33:30 IST" name="UI Automation" finished-at="2023-10-17T15:36:37 IST" duration-ms="187353">
      <class name="TestCases.AddProductToCartTest">
        <test-method is-config="true" signature="initialize()[pri:0, instance:TestCases.AddProductToCartTest@5b6ec132]" started-at="2023-10-17T15:33:30 IST" name="initialize" finished-at="2023-10-17T15:33:42 IST" duration-ms="12320" status="PASS">
          <reporter-output>
          </reporter-output>
        </test-method> <!-- initialize -->
        <test-method signature="addtest(java.lang.String)[pri:0, instance:TestCases.AddProductToCartTest@5b6ec132]" started-at="2023-10-17T15:33:42 IST" name="addtest" data-provider="Product" finished-at="2023-10-17T15:34:18 IST" duration-ms="35761" status="PASS">
          <params>
            <param index="0">
              <value>
                <![CDATA[bracelete]]>
              </value>
            </param>
          </params>
          <reporter-output>
          </reporter-output>
        </test-method> <!-- addtest -->
        <test-method is-config="true" signature="exit()[pri:0, instance:TestCases.AddProductToCartTest@5b6ec132]" started-at="2023-10-17T15:34:18 IST" name="exit" finished-at="2023-10-17T15:34:19 IST" duration-ms="649" status="PASS">
          <reporter-output>
          </reporter-output>
        </test-method> <!-- exit -->
      </class> <!-- TestCases.AddProductToCartTest -->
      <class name="TestCases.AddProductToWishListTest">
        <test-method is-config="true" signature="initialize()[pri:0, instance:TestCases.AddProductToWishListTest@61544ae6]" started-at="2023-10-17T15:34:19 IST" name="initialize" finished-at="2023-10-17T15:34:31 IST" duration-ms="11832" status="PASS">
          <reporter-output>
          </reporter-output>
        </test-method> <!-- initialize -->
        <test-method signature="addProductTowisList(java.lang.String)[pri:0, instance:TestCases.AddProductToWishListTest@61544ae6]" started-at="2023-10-17T15:34:31 IST" name="addProductTowisList" data-provider="Product" finished-at="2023-10-17T15:34:59 IST" duration-ms="28568" status="PASS">
          <params>
            <param index="0">
              <value>
                <![CDATA[bracelete]]>
              </value>
            </param>
          </params>
          <reporter-output>
          </reporter-output>
        </test-method> <!-- addProductTowisList -->
        <test-method is-config="true" signature="exit()[pri:0, instance:TestCases.AddProductToWishListTest@61544ae6]" started-at="2023-10-17T15:34:59 IST" name="exit" finished-at="2023-10-17T15:35:00 IST" duration-ms="931" status="PASS">
          <reporter-output>
          </reporter-output>
        </test-method> <!-- exit -->
      </class> <!-- TestCases.AddProductToWishListTest -->
      <class name="TestCases.SearchProductTest">
        <test-method is-config="true" signature="initialize()[pri:0, instance:TestCases.SearchProductTest@3b96c42e]" started-at="2023-10-17T15:35:39 IST" name="initialize" finished-at="2023-10-17T15:35:53 IST" duration-ms="13982" status="PASS">
          <reporter-output>
          </reporter-output>
        </test-method> <!-- initialize -->
        <test-method signature="searchProduct(java.lang.String)[pri:0, instance:TestCases.SearchProductTest@3b96c42e]" started-at="2023-10-17T15:35:53 IST" name="searchProduct" data-provider="Product" finished-at="2023-10-17T15:36:00 IST" duration-ms="6477" status="PASS">
          <params>
            <param index="0">
              <value>
                <![CDATA[shoe]]>
              </value>
            </param>
          </params>
          <reporter-output>
          </reporter-output>
        </test-method> <!-- searchProduct -->
        <test-method is-config="true" signature="exit()[pri:0, instance:TestCases.SearchProductTest@3b96c42e]" started-at="2023-10-17T15:36:00 IST" name="exit" finished-at="2023-10-17T15:36:00 IST" duration-ms="642" status="PASS">
          <reporter-output>
          </reporter-output>
        </test-method> <!-- exit -->
      </class> <!-- TestCases.SearchProductTest -->
      <class name="TestCases.SearchStoreTest">
        <test-method is-config="true" signature="initialize()[pri:0, instance:TestCases.SearchStoreTest@5d066c7d]" started-at="2023-10-17T15:36:00 IST" name="initialize" finished-at="2023-10-17T15:36:13 IST" duration-ms="12913" status="PASS">
          <reporter-output>
          </reporter-output>
        </test-method> <!-- initialize -->
        <test-method signature="searchStore(java.lang.String)[pri:0, instance:TestCases.SearchStoreTest@5d066c7d]" started-at="2023-10-17T15:36:13 IST" name="searchStore" data-provider="place" finished-at="2023-10-17T15:36:36 IST" duration-ms="22982" status="PASS">
          <params>
            <param index="0">
              <value>
                <![CDATA[new york]]>
              </value>
            </param>
          </params>
          <reporter-output>
          </reporter-output>
        </test-method> <!-- searchStore -->
        <test-method is-config="true" signature="exit()[pri:0, instance:TestCases.SearchStoreTest@5d066c7d]" started-at="2023-10-17T15:36:36 IST" name="exit" finished-at="2023-10-17T15:36:37 IST" duration-ms="873" status="PASS">
          <reporter-output>
          </reporter-output>
        </test-method> <!-- exit -->
      </class> <!-- TestCases.SearchStoreTest -->
      <class name="TestCases.LoginWithBlankPasswordTest">
        <test-method is-config="true" signature="initialize()[pri:0, instance:TestCases.LoginWithBlankPasswordTest@4b41dd5c]" started-at="2023-10-17T15:35:00 IST" name="initialize" finished-at="2023-10-17T15:35:11 IST" duration-ms="11101" status="PASS">
          <reporter-output>
          </reporter-output>
        </test-method> <!-- initialize -->
        <test-method signature="loginwithBlankEmail(java.lang.String)[pri:0, instance:TestCases.LoginWithBlankPasswordTest@4b41dd5c]" started-at="2023-10-17T15:35:11 IST" name="loginwithBlankEmail" data-provider="userdata1" finished-at="2023-10-17T15:35:20 IST" duration-ms="8557" status="PASS">
          <params>
            <param index="0">
              <value>
                <![CDATA[]]>
              </value>
            </param>
          </params>
          <reporter-output>
          </reporter-output>
        </test-method> <!-- loginwithBlankEmail -->
        <test-method is-config="true" signature="exit()[pri:0, instance:TestCases.LoginWithBlankPasswordTest@4b41dd5c]" started-at="2023-10-17T15:35:20 IST" name="exit" finished-at="2023-10-17T15:35:20 IST" duration-ms="488" status="PASS">
          <reporter-output>
          </reporter-output>
        </test-method> <!-- exit -->
        <test-method is-config="true" signature="initialize()[pri:0, instance:TestCases.LoginWithBlankPasswordTest@4b41dd5c]" started-at="2023-10-17T15:35:20 IST" name="initialize" finished-at="2023-10-17T15:35:29 IST" duration-ms="8619" status="PASS">
          <reporter-output>
          </reporter-output>
        </test-method> <!-- initialize -->
        <test-method signature="loginwithBlankPassword(java.lang.String,java.lang.String)[pri:0, instance:TestCases.LoginWithBlankPasswordTest@4b41dd5c]" started-at="2023-10-17T15:35:29 IST" name="loginwithBlankPassword" data-provider="userdata" finished-at="2023-10-17T15:35:39 IST" duration-ms="9868" status="PASS">
          <params>
            <param index="0">
              <value>
                <![CDATA[yotiro7168@elixirsd.com]]>
              </value>
            </param>
            <param index="1">
              <value>
                <![CDATA[]]>
              </value>
            </param>
          </params>
          <reporter-output>
          </reporter-output>
        </test-method> <!-- loginwithBlankPassword -->
        <test-method is-config="true" signature="exit()[pri:0, instance:TestCases.LoginWithBlankPasswordTest@4b41dd5c]" started-at="2023-10-17T15:35:39 IST" name="exit" finished-at="2023-10-17T15:35:39 IST" duration-ms="629" status="PASS">
          <reporter-output>
          </reporter-output>
        </test-method> <!-- exit -->
      </class> <!-- TestCases.LoginWithBlankPasswordTest -->
    </test> <!-- UI Automation -->
  </suite> <!-- API Test Suite -->
</testng-results>
